# JRE version: OpenJDK Runtime Environment Homebrew (17.0.10) (build 17.0.10+0)
# Java VM: OpenJDK 64-Bit Server VM Homebrew (17.0.10+0, mixed mode, sharing, tiered, compressed oops, compressed class ptrs, g1 gc, bsd-aarch64)
GC Precious Log:
 CPUs: 12 total, 12 available
 Memory: 32768M
 Large Page Support: Disabled
 NUMA Support: Disabled
 Compressed Oops: Enabled (Zero based)
 Heap Region Size: 8M
 Heap Min Capacity: 8M
 Heap Initial Capacity: 512M
 Heap Max Capacity: 16G
 Pre-touch: Disabled
 Parallel Workers: 10
 Concurrent Workers: 3
 Concurrent Refinement Workers: 10
 Periodic GC: Disabled
Heap:
 garbage-first heap   total 237568K, used 185098K [0x0000000400000000, 0x0000000800000000)
  region size 8192K, 10 young (81920K), 1 survivors (8192K)
 Metaspace       used 30591K, committed 30976K, reserved 1114112K
  class space    used 4550K, committed 4736K, reserved 1048576K
GC Heap History (20 events):
Event: 38.179 GC heap before
{Heap before GC invocations=60 (full 0):
 garbage-first heap   total 237568K, used 181332K [0x0000000400000000, 0x0000000800000000)
  region size 8192K, 10 young (81920K), 1 survivors (8192K)
 Metaspace       used 30565K, committed 30976K, reserved 1114112K
  class space    used 4549K, committed 4736K, reserved 1048576K
}
Event: 38.180 GC heap after
{Heap after GC invocations=61 (full 0):
 garbage-first heap   total 237568K, used 107611K [0x0000000400000000, 0x0000000800000000)
  region size 8192K, 1 young (8192K), 1 survivors (8192K)
 Metaspace       used 30565K, committed 30976K, reserved 1114112K
  class space    used 4549K, committed 4736K, reserved 1048576K
}
Event: 38.808 GC heap before
{Heap before GC invocations=62 (full 0):
 garbage-first heap   total 237568K, used 181339K [0x0000000400000000, 0x0000000800000000)
  region size 8192K, 10 young (81920K), 1 survivors (8192K)
 Metaspace       used 30577K, committed 30976K, reserved 1114112K
  class space    used 4549K, committed 4736K, reserved 1048576K
}
Event: 38.810 GC heap after
{Heap after GC invocations=63 (full 0):
 garbage-first heap   total 237568K, used 109355K [0x0000000400000000, 0x0000000800000000)
  region size 8192K, 1 young (8192K), 1 survivors (8192K)
 Metaspace       used 30577K, committed 30976K, reserved 1114112K
  class space    used 4549K, committed 4736K, reserved 1048576K
}
Event: 39.538 GC heap before
{Heap before GC invocations=63 (full 0):
 garbage-first heap   total 237568K, used 183083K [0x0000000400000000, 0x0000000800000000)
  region size 8192K, 10 young (81920K), 1 survivors (8192K)
 Metaspace       used 30580K, committed 30976K, reserved 1114112K
  class space    used 4549K, committed 4736K, reserved 1048576K
}
Event: 39.540 GC heap after
{Heap after GC invocations=64 (full 0):
 garbage-first heap   total 237568K, used 110958K [0x0000000400000000, 0x0000000800000000)
  region size 8192K, 1 young (8192K), 1 survivors (8192K)
 Metaspace       used 30580K, committed 30976K, reserved 1114112K
  class space    used 4549K, committed 4736K, reserved 1048576K
}
Event: 40.294 GC heap before
{Heap before GC invocations=65 (full 0):
 garbage-first heap   total 237568K, used 184686K [0x0000000400000000, 0x0000000800000000)
  region size 8192K, 10 young (81920K), 1 survivors (8192K)
 Metaspace       used 30586K, committed 30976K, reserved 1114112K
  class space    used 4549K, committed 4736K, reserved 1048576K
}
Event: 40.297 GC heap after
{Heap after GC invocations=66 (full 0):
 garbage-first heap   total 237568K, used 111321K [0x0000000400000000, 0x0000000800000000)
  region size 8192K, 1 young (8192K), 1 survivors (8192K)
 Metaspace       used 30586K, committed 30976K, reserved 1114112K
  class space    used 4549K, committed 4736K, reserved 1048576K
}
Event: 41.134 GC heap before
{Heap before GC invocations=66 (full 0):
 garbage-first heap   total 237568K, used 185049K [0x0000000400000000, 0x0000000800000000)
  region size 8192K, 10 young (81920K), 1 survivors (8192K)
 Metaspace       used 30586K, committed 30976K, reserved 1114112K
  class space    used 4549K, committed 4736K, reserved 1048576K
}
Event: 41.136 GC heap after
{Heap after GC invocations=67 (full 0):
 garbage-first heap   total 237568K, used 111255K [0x0000000400000000, 0x0000000800000000)
  region size 8192K, 1 young (8192K), 1 survivors (8192K)
 Metaspace       used 30586K, committed 30976K, reserved 1114112K
  class space    used 4549K, committed 4736K, reserved 1048576K
}
Event: 41.989 GC heap before
{Heap before GC invocations=68 (full 0):
 garbage-first heap   total 237568K, used 184983K [0x0000000400000000, 0x0000000800000000)
  region size 8192K, 10 young (81920K), 1 survivors (8192K)
 Metaspace       used 30587K, committed 30976K, reserved 1114112K
  class space    used 4549K, committed 4736K, reserved 1048576K
}
Event: 41.992 GC heap after
{Heap after GC invocations=69 (full 0):
 garbage-first heap   total 237568K, used 111328K [0x0000000400000000, 0x0000000800000000)
  region size 8192K, 1 young (8192K), 1 survivors (8192K)
 Metaspace       used 30587K, committed 30976K, reserved 1114112K
  class space    used 4549K, committed 4736K, reserved 1048576K
}
Event: 42.791 GC heap before
{Heap before GC invocations=69 (full 0):
 garbage-first heap   total 237568K, used 185056K [0x0000000400000000, 0x0000000800000000)
  region size 8192K, 10 young (81920K), 1 survivors (8192K)
 Metaspace       used 30587K, committed 30976K, reserved 1114112K
  class space    used 4549K, committed 4736K, reserved 1048576K
}
Event: 42.793 GC heap after
{Heap after GC invocations=70 (full 0):
 garbage-first heap   total 237568K, used 111302K [0x0000000400000000, 0x0000000800000000)
  region size 8192K, 1 young (8192K), 1 survivors (8192K)
 Metaspace       used 30587K, committed 30976K, reserved 1114112K
  class space    used 4549K, committed 4736K, reserved 1048576K
}
Event: 43.475 GC heap before
{Heap before GC invocations=71 (full 0):
 garbage-first heap   total 237568K, used 185030K [0x0000000400000000, 0x0000000800000000)
  region size 8192K, 10 young (81920K), 1 survivors (8192K)
 Metaspace       used 30587K, committed 30976K, reserved 1114112K
  class space    used 4549K, committed 4736K, reserved 1048576K
}
Event: 43.478 GC heap after
{Heap after GC invocations=72 (full 0):
 garbage-first heap   total 237568K, used 111345K [0x0000000400000000, 0x0000000800000000)
  region size 8192K, 1 young (8192K), 1 survivors (8192K)
 Metaspace       used 30587K, committed 30976K, reserved 1114112K
  class space    used 4549K, committed 4736K, reserved 1048576K
}
Event: 44.159 GC heap before
{Heap before GC invocations=72 (full 0):
 garbage-first heap   total 237568K, used 185073K [0x0000000400000000, 0x0000000800000000)
  region size 8192K, 10 young (81920K), 1 survivors (8192K)
 Metaspace       used 30588K, committed 30976K, reserved 1114112K
  class space    used 4549K, committed 4736K, reserved 1048576K
}
Event: 44.161 GC heap after
{Heap after GC invocations=73 (full 0):
 garbage-first heap   total 237568K, used 111425K [0x0000000400000000, 0x0000000800000000)
  region size 8192K, 1 young (8192K), 1 survivors (8192K)
 Metaspace       used 30588K, committed 30976K, reserved 1114112K
  class space    used 4549K, committed 4736K, reserved 1048576K
}
Event: 44.853 GC heap before
{Heap before GC invocations=74 (full 0):
 garbage-first heap   total 237568K, used 185153K [0x0000000400000000, 0x0000000800000000)
  region size 8192K, 10 young (81920K), 1 survivors (8192K)
 Metaspace       used 30588K, committed 30976K, reserved 1114112K
  class space    used 4549K, committed 4736K, reserved 1048576K
}
Event: 44.856 GC heap after
{Heap after GC invocations=75 (full 0):
 garbage-first heap   total 237568K, used 111370K [0x0000000400000000, 0x0000000800000000)
  region size 8192K, 1 young (8192K), 1 survivors (8192K)
 Metaspace       used 30588K, committed 30976K, reserved 1114112K
  class space    used 4549K, committed 4736K, reserved 1048576K
}

