# JRE version: OpenJDK Runtime Environment Homebrew (17.0.10) (build 17.0.10+0)
# Java VM: OpenJDK 64-Bit Server VM Homebrew (17.0.10+0, mixed mode, sharing, tiered, compressed oops, compressed class ptrs, g1 gc, bsd-aarch64)
GC Precious Log:
 CPUs: 12 total, 12 available
 Memory: 32768M
 Large Page Support: Disabled
 NUMA Support: Disabled
 Compressed Oops: Enabled (Zero based)
 Heap Region Size: 4M
 Heap Min Capacity: 8M
 Heap Initial Capacity: 512M
 Heap Max Capacity: 8G
 Pre-touch: Disabled
 Parallel Workers: 10
 Concurrent Workers: 3
 Concurrent Refinement Workers: 10
 Periodic GC: Disabled
Heap:
 garbage-first heap   total 262144K, used 109385K [0x0000000600000000, 0x0000000800000000)
  region size 4096K, 4 young (16384K), 2 survivors (8192K)
 Metaspace       used 29618K, committed 29952K, reserved 1114112K
  class space    used 4455K, committed 4608K, reserved 1048576K
GC Heap History (20 events):
Event: 32.483 GC heap before
{Heap before GC invocations=12 (full 0):
 garbage-first heap   total 262144K, used 187145K [0x0000000600000000, 0x0000000800000000)
  region size 4096K, 22 young (90112K), 2 survivors (8192K)
 Metaspace       used 29522K, committed 29824K, reserved 1114112K
  class space    used 4454K, committed 4608K, reserved 1048576K
}
Event: 32.485 GC heap after
{Heap after GC invocations=13 (full 0):
 garbage-first heap   total 262144K, used 105207K [0x0000000600000000, 0x0000000800000000)
  region size 4096K, 2 young (8192K), 2 survivors (8192K)
 Metaspace       used 29522K, committed 29824K, reserved 1114112K
  class space    used 4454K, committed 4608K, reserved 1048576K
}
Event: 33.379 GC heap before
{Heap before GC invocations=13 (full 0):
 garbage-first heap   total 262144K, used 195319K [0x0000000600000000, 0x0000000800000000)
  region size 4096K, 24 young (98304K), 2 survivors (8192K)
 Metaspace       used 29543K, committed 29888K, reserved 1114112K
  class space    used 4454K, committed 4608K, reserved 1048576K
}
Event: 33.387 GC heap after
{Heap after GC invocations=14 (full 0):
 garbage-first heap   total 262144K, used 104973K [0x0000000600000000, 0x0000000800000000)
  region size 4096K, 1 young (4096K), 1 survivors (4096K)
 Metaspace       used 29543K, committed 29888K, reserved 1114112K
  class space    used 4454K, committed 4608K, reserved 1048576K
}
Event: 34.368 GC heap before
{Heap before GC invocations=14 (full 0):
 garbage-first heap   total 262144K, used 203277K [0x0000000600000000, 0x0000000800000000)
  region size 4096K, 25 young (102400K), 1 survivors (4096K)
 Metaspace       used 29557K, committed 29888K, reserved 1114112K
  class space    used 4454K, committed 4608K, reserved 1048576K
}
Event: 34.372 GC heap after
{Heap after GC invocations=15 (full 0):
 garbage-first heap   total 262144K, used 105127K [0x0000000600000000, 0x0000000800000000)
  region size 4096K, 2 young (8192K), 2 survivors (8192K)
 Metaspace       used 29557K, committed 29888K, reserved 1114112K
  class space    used 4454K, committed 4608K, reserved 1048576K
}
Event: 35.357 GC heap before
{Heap before GC invocations=15 (full 0):
 garbage-first heap   total 262144K, used 203431K [0x0000000600000000, 0x0000000800000000)
  region size 4096K, 26 young (106496K), 2 survivors (8192K)
 Metaspace       used 29596K, committed 29952K, reserved 1114112K
  class space    used 4454K, committed 4608K, reserved 1048576K
}
Event: 35.364 GC heap after
{Heap after GC invocations=16 (full 0):
 garbage-first heap   total 262144K, used 104898K [0x0000000600000000, 0x0000000800000000)
  region size 4096K, 1 young (4096K), 1 survivors (4096K)
 Metaspace       used 29596K, committed 29952K, reserved 1114112K
  class space    used 4454K, committed 4608K, reserved 1048576K
}
Event: 36.436 GC heap before
{Heap before GC invocations=16 (full 0):
 garbage-first heap   total 262144K, used 211394K [0x0000000600000000, 0x0000000800000000)
  region size 4096K, 27 young (110592K), 1 survivors (4096K)
 Metaspace       used 29600K, committed 29952K, reserved 1114112K
  class space    used 4454K, committed 4608K, reserved 1048576K
}
Event: 36.438 GC heap after
{Heap after GC invocations=17 (full 0):
 garbage-first heap   total 262144K, used 105283K [0x0000000600000000, 0x0000000800000000)
  region size 4096K, 2 young (8192K), 2 survivors (8192K)
 Metaspace       used 29600K, committed 29952K, reserved 1114112K
  class space    used 4454K, committed 4608K, reserved 1048576K
}
Event: 37.513 GC heap before
{Heap before GC invocations=17 (full 0):
 garbage-first heap   total 262144K, used 211779K [0x0000000600000000, 0x0000000800000000)
  region size 4096K, 28 young (114688K), 2 survivors (8192K)
 Metaspace       used 29605K, committed 29952K, reserved 1114112K
  class space    used 4454K, committed 4608K, reserved 1048576K
}
Event: 37.515 GC heap after
{Heap after GC invocations=18 (full 0):
 garbage-first heap   total 262144K, used 105206K [0x0000000600000000, 0x0000000800000000)
  region size 4096K, 2 young (8192K), 2 survivors (8192K)
 Metaspace       used 29605K, committed 29952K, reserved 1114112K
  class space    used 4454K, committed 4608K, reserved 1048576K
}
Event: 38.591 GC heap before
{Heap before GC invocations=18 (full 0):
 garbage-first heap   total 262144K, used 211702K [0x0000000600000000, 0x0000000800000000)
  region size 4096K, 28 young (114688K), 2 survivors (8192K)
 Metaspace       used 29606K, committed 29952K, reserved 1114112K
  class space    used 4454K, committed 4608K, reserved 1048576K
}
Event: 38.594 GC heap after
{Heap after GC invocations=19 (full 0):
 garbage-first heap   total 262144K, used 105364K [0x0000000600000000, 0x0000000800000000)
  region size 4096K, 2 young (8192K), 2 survivors (8192K)
 Metaspace       used 29606K, committed 29952K, reserved 1114112K
  class space    used 4454K, committed 4608K, reserved 1048576K
}
Event: 39.711 GC heap before
{Heap before GC invocations=19 (full 0):
 garbage-first heap   total 262144K, used 215956K [0x0000000600000000, 0x0000000800000000)
  region size 4096K, 29 young (118784K), 2 survivors (8192K)
 Metaspace       used 29607K, committed 29952K, reserved 1114112K
  class space    used 4454K, committed 4608K, reserved 1048576K
}
Event: 39.713 GC heap after
{Heap after GC invocations=20 (full 0):
 garbage-first heap   total 262144K, used 105287K [0x0000000600000000, 0x0000000800000000)
  region size 4096K, 2 young (8192K), 2 survivors (8192K)
 Metaspace       used 29607K, committed 29952K, reserved 1114112K
  class space    used 4454K, committed 4608K, reserved 1048576K
}
Event: 40.827 GC heap before
{Heap before GC invocations=20 (full 0):
 garbage-first heap   total 262144K, used 215879K [0x0000000600000000, 0x0000000800000000)
  region size 4096K, 29 young (118784K), 2 survivors (8192K)
 Metaspace       used 29612K, committed 29952K, reserved 1114112K
  class space    used 4454K, committed 4608K, reserved 1048576K
}
Event: 40.831 GC heap after
{Heap after GC invocations=21 (full 0):
 garbage-first heap   total 262144K, used 105366K [0x0000000600000000, 0x0000000800000000)
  region size 4096K, 2 young (8192K), 2 survivors (8192K)
 Metaspace       used 29612K, committed 29952K, reserved 1114112K
  class space    used 4454K, committed 4608K, reserved 1048576K
}
Event: 41.945 GC heap before
{Heap before GC invocations=21 (full 0):
 garbage-first heap   total 262144K, used 215958K [0x0000000600000000, 0x0000000800000000)
  region size 4096K, 29 young (118784K), 2 survivors (8192K)
 Metaspace       used 29616K, committed 29952K, reserved 1114112K
  class space    used 4454K, committed 4608K, reserved 1048576K
}
Event: 41.948 GC heap after
{Heap after GC invocations=22 (full 0):
 garbage-first heap   total 262144K, used 105289K [0x0000000600000000, 0x0000000800000000)
  region size 4096K, 2 young (8192K), 2 survivors (8192K)
 Metaspace       used 29616K, committed 29952K, reserved 1114112K
  class space    used 4454K, committed 4608K, reserved 1048576K
}

