# JRE version: OpenJDK Runtime Environment Homebrew (17.0.10) (build 17.0.10+0)
# Java VM: OpenJDK 64-Bit Server VM Homebrew (17.0.10+0, mixed mode, sharing, tiered, compressed oops, compressed class ptrs, g1 gc, bsd-aarch64)
GC Precious Log:
 CPUs: 12 total, 12 available
 Memory: 32768M
 Large Page Support: Disabled
 NUMA Support: Disabled
 Compressed Oops: Enabled (Zero based)
 Heap Region Size: 4M
 Heap Min Capacity: 8M
 Heap Initial Capacity: 512M
 Heap Max Capacity: 8G
 Pre-touch: Disabled
 Parallel Workers: 10
 Concurrent Workers: 3
 Concurrent Refinement Workers: 10
 Periodic GC: Disabled
Heap:
 garbage-first heap   total 311296K, used 134782K [0x0000000600000000, 0x0000000800000000)
  region size 4096K, 5 young (20480K), 1 survivors (4096K)
 Metaspace       used 31881K, committed 32192K, reserved 1114112K
  class space    used 4778K, committed 4928K, reserved 1048576K
GC Heap History (20 events):
Event: 76.141 GC heap before
{Heap before GC invocations=55 (full 0):
 garbage-first heap   total 311296K, used 256968K [0x0000000600000000, 0x0000000800000000)
  region size 4096K, 37 young (151552K), 3 survivors (12288K)
 Metaspace       used 31815K, committed 32128K, reserved 1114112K
  class space    used 4775K, committed 4928K, reserved 1048576K
}
Event: 76.143 GC heap after
{Heap after GC invocations=56 (full 0):
 garbage-first heap   total 311296K, used 119141K [0x0000000600000000, 0x0000000800000000)
  region size 4096K, 3 young (12288K), 3 survivors (12288K)
 Metaspace       used 31815K, committed 32128K, reserved 1114112K
  class space    used 4775K, committed 4928K, reserved 1048576K
}
Event: 77.425 GC heap before
{Heap before GC invocations=56 (full 0):
 garbage-first heap   total 311296K, used 258405K [0x0000000600000000, 0x0000000800000000)
  region size 4096K, 37 young (151552K), 3 survivors (12288K)
 Metaspace       used 31815K, committed 32128K, reserved 1114112K
  class space    used 4775K, committed 4928K, reserved 1048576K
}
Event: 77.428 GC heap after
{Heap after GC invocations=57 (full 0):
 garbage-first heap   total 311296K, used 117613K [0x0000000600000000, 0x0000000800000000)
  region size 4096K, 2 young (8192K), 2 survivors (8192K)
 Metaspace       used 31815K, committed 32128K, reserved 1114112K
  class space    used 4775K, committed 4928K, reserved 1048576K
}
Event: 78.798 GC heap before
{Heap before GC invocations=57 (full 0):
 garbage-first heap   total 311296K, used 265069K [0x0000000600000000, 0x0000000800000000)
  region size 4096K, 38 young (155648K), 2 survivors (8192K)
 Metaspace       used 31825K, committed 32128K, reserved 1114112K
  class space    used 4775K, committed 4928K, reserved 1048576K
}
Event: 78.800 GC heap after
{Heap after GC invocations=58 (full 0):
 garbage-first heap   total 311296K, used 117652K [0x0000000600000000, 0x0000000800000000)
  region size 4096K, 2 young (8192K), 2 survivors (8192K)
 Metaspace       used 31825K, committed 32128K, reserved 1114112K
  class space    used 4775K, committed 4928K, reserved 1048576K
}
Event: 80.166 GC heap before
{Heap before GC invocations=58 (full 0):
 garbage-first heap   total 311296K, used 265108K [0x0000000600000000, 0x0000000800000000)
  region size 4096K, 38 young (155648K), 2 survivors (8192K)
 Metaspace       used 31831K, committed 32128K, reserved 1114112K
  class space    used 4775K, committed 4928K, reserved 1048576K
}
Event: 80.168 GC heap after
{Heap after GC invocations=59 (full 0):
 garbage-first heap   total 311296K, used 119464K [0x0000000600000000, 0x0000000800000000)
  region size 4096K, 3 young (12288K), 3 survivors (12288K)
 Metaspace       used 31831K, committed 32128K, reserved 1114112K
  class space    used 4775K, committed 4928K, reserved 1048576K
}
Event: 81.181 GC heap before
{Heap before GC invocations=59 (full 0):
 garbage-first heap   total 311296K, used 258728K [0x0000000600000000, 0x0000000800000000)
  region size 4096K, 37 young (151552K), 3 survivors (12288K)
 Metaspace       used 31865K, committed 32128K, reserved 1114112K
  class space    used 4775K, committed 4928K, reserved 1048576K
}
Event: 81.185 GC heap after
{Heap after GC invocations=60 (full 0):
 garbage-first heap   total 311296K, used 121899K [0x0000000600000000, 0x0000000800000000)
  region size 4096K, 3 young (12288K), 3 survivors (12288K)
 Metaspace       used 31865K, committed 32128K, reserved 1114112K
  class space    used 4775K, committed 4928K, reserved 1048576K
}
Event: 82.381 GC heap before
{Heap before GC invocations=60 (full 0):
 garbage-first heap   total 311296K, used 261163K [0x0000000600000000, 0x0000000800000000)
  region size 4096K, 37 young (151552K), 3 survivors (12288K)
 Metaspace       used 31878K, committed 32192K, reserved 1114112K
  class space    used 4777K, committed 4928K, reserved 1048576K
}
Event: 82.385 GC heap after
{Heap after GC invocations=61 (full 0):
 garbage-first heap   total 311296K, used 122601K [0x0000000600000000, 0x0000000800000000)
  region size 4096K, 2 young (8192K), 2 survivors (8192K)
 Metaspace       used 31878K, committed 32192K, reserved 1114112K
  class space    used 4777K, committed 4928K, reserved 1048576K
}
Event: 83.620 GC heap before
{Heap before GC invocations=61 (full 0):
 garbage-first heap   total 311296K, used 261865K [0x0000000600000000, 0x0000000800000000)
  region size 4096K, 36 young (147456K), 2 survivors (8192K)
 Metaspace       used 31878K, committed 32192K, reserved 1114112K
  class space    used 4777K, committed 4928K, reserved 1048576K
}
Event: 83.623 GC heap after
{Heap after GC invocations=62 (full 0):
 garbage-first heap   total 311296K, used 122582K [0x0000000600000000, 0x0000000800000000)
  region size 4096K, 2 young (8192K), 2 survivors (8192K)
 Metaspace       used 31878K, committed 32192K, reserved 1114112K
  class space    used 4777K, committed 4928K, reserved 1048576K
}
Event: 84.829 GC heap before
{Heap before GC invocations=62 (full 0):
 garbage-first heap   total 311296K, used 261846K [0x0000000600000000, 0x0000000800000000)
  region size 4096K, 36 young (147456K), 2 survivors (8192K)
 Metaspace       used 31878K, committed 32192K, reserved 1114112K
  class space    used 4777K, committed 4928K, reserved 1048576K
}
Event: 84.832 GC heap after
{Heap after GC invocations=63 (full 0):
 garbage-first heap   total 311296K, used 122607K [0x0000000600000000, 0x0000000800000000)
  region size 4096K, 2 young (8192K), 2 survivors (8192K)
 Metaspace       used 31878K, committed 32192K, reserved 1114112K
  class space    used 4777K, committed 4928K, reserved 1048576K
}
Event: 86.066 GC heap before
{Heap before GC invocations=63 (full 0):
 garbage-first heap   total 311296K, used 261871K [0x0000000600000000, 0x0000000800000000)
  region size 4096K, 36 young (147456K), 2 survivors (8192K)
 Metaspace       used 31878K, committed 32192K, reserved 1114112K
  class space    used 4777K, committed 4928K, reserved 1048576K
}
Event: 86.075 GC heap after
{Heap after GC invocations=64 (full 0):
 garbage-first heap   total 311296K, used 122552K [0x0000000600000000, 0x0000000800000000)
  region size 4096K, 2 young (8192K), 2 survivors (8192K)
 Metaspace       used 31878K, committed 32192K, reserved 1114112K
  class space    used 4777K, committed 4928K, reserved 1048576K
}
Event: 87.299 GC heap before
{Heap before GC invocations=64 (full 0):
 garbage-first heap   total 311296K, used 261816K [0x0000000600000000, 0x0000000800000000)
  region size 4096K, 36 young (147456K), 2 survivors (8192K)
 Metaspace       used 31878K, committed 32192K, reserved 1114112K
  class space    used 4777K, committed 4928K, reserved 1048576K
}
Event: 87.307 GC heap after
{Heap after GC invocations=65 (full 0):
 garbage-first heap   total 311296K, used 122494K [0x0000000600000000, 0x0000000800000000)
  region size 4096K, 1 young (4096K), 1 survivors (4096K)
 Metaspace       used 31878K, committed 32192K, reserved 1114112K
  class space    used 4777K, committed 4928K, reserved 1048576K
}

