# JRE version: OpenJDK Runtime Environment Homebrew (17.0.10) (build 17.0.10+0)
# Java VM: OpenJDK 64-Bit Server VM Homebrew (17.0.10+0, mixed mode, sharing, tiered, compressed oops, compressed class ptrs, g1 gc, bsd-aarch64)
GC Precious Log:
 CPUs: 12 total, 12 available
 Memory: 32768M
 Large Page Support: Disabled
 NUMA Support: Disabled
 Compressed Oops: Enabled (Zero based)
 Heap Region Size: 4M
 Heap Min Capacity: 8M
 Heap Initial Capacity: 512M
 Heap Max Capacity: 8G
 Pre-touch: Disabled
 Parallel Workers: 10
 Concurrent Workers: 3
 Concurrent Refinement Workers: 10
 Periodic GC: Disabled
Heap:
 garbage-first heap   total 270336K, used 159214K [0x0000000600000000, 0x0000000800000000)
  region size 4096K, 8 young (32768K), 1 survivors (4096K)
 Metaspace       used 33414K, committed 33920K, reserved 1114112K
  class space    used 4996K, committed 5248K, reserved 1048576K
GC Heap History (20 events):
Event: 163.803 GC heap before
{Heap before GC invocations=216 (full 0):
 garbage-first heap   total 270336K, used 228273K [0x0000000600000000, 0x0000000800000000)
  region size 4096K, 24 young (98304K), 1 survivors (4096K)
 Metaspace       used 33379K, committed 33792K, reserved 1114112K
  class space    used 4993K, committed 5248K, reserved 1048576K
}
Event: 163.806 GC heap after
{Heap after GC invocations=217 (full 0):
 garbage-first heap   total 270336K, used 134080K [0x0000000600000000, 0x0000000800000000)
  region size 4096K, 1 young (4096K), 1 survivors (4096K)
 Metaspace       used 33379K, committed 33792K, reserved 1114112K
  class space    used 4993K, committed 5248K, reserved 1048576K
}
Event: 164.629 GC heap before
{Heap before GC invocations=217 (full 0):
 garbage-first heap   total 270336K, used 228288K [0x0000000600000000, 0x0000000800000000)
  region size 4096K, 24 young (98304K), 1 survivors (4096K)
 Metaspace       used 33388K, committed 33856K, reserved 1114112K
  class space    used 4995K, committed 5248K, reserved 1048576K
}
Event: 164.631 GC heap after
{Heap after GC invocations=218 (full 0):
 garbage-first heap   total 270336K, used 134149K [0x0000000600000000, 0x0000000800000000)
  region size 4096K, 1 young (4096K), 1 survivors (4096K)
 Metaspace       used 33388K, committed 33856K, reserved 1114112K
  class space    used 4995K, committed 5248K, reserved 1048576K
}
Event: 165.457 GC heap before
{Heap before GC invocations=219 (full 0):
 garbage-first heap   total 270336K, used 228357K [0x0000000600000000, 0x0000000800000000)
  region size 4096K, 24 young (98304K), 1 survivors (4096K)
 Metaspace       used 33388K, committed 33856K, reserved 1114112K
  class space    used 4995K, committed 5248K, reserved 1048576K
}
Event: 165.461 GC heap after
{Heap after GC invocations=220 (full 0):
 garbage-first heap   total 270336K, used 134180K [0x0000000600000000, 0x0000000800000000)
  region size 4096K, 1 young (4096K), 1 survivors (4096K)
 Metaspace       used 33388K, committed 33856K, reserved 1114112K
  class space    used 4995K, committed 5248K, reserved 1048576K
}
Event: 166.248 GC heap before
{Heap before GC invocations=220 (full 0):
 garbage-first heap   total 270336K, used 228388K [0x0000000600000000, 0x0000000800000000)
  region size 4096K, 24 young (98304K), 1 survivors (4096K)
 Metaspace       used 33397K, committed 33856K, reserved 1114112K
  class space    used 4995K, committed 5248K, reserved 1048576K
}
Event: 166.250 GC heap after
{Heap after GC invocations=221 (full 0):
 garbage-first heap   total 270336K, used 134451K [0x0000000600000000, 0x0000000800000000)
  region size 4096K, 1 young (4096K), 1 survivors (4096K)
 Metaspace       used 33397K, committed 33856K, reserved 1114112K
  class space    used 4995K, committed 5248K, reserved 1048576K
}
Event: 167.089 GC heap before
{Heap before GC invocations=222 (full 0):
 garbage-first heap   total 270336K, used 228659K [0x0000000600000000, 0x0000000800000000)
  region size 4096K, 24 young (98304K), 1 survivors (4096K)
 Metaspace       used 33398K, committed 33856K, reserved 1114112K
  class space    used 4995K, committed 5248K, reserved 1048576K
}
Event: 167.093 GC heap after
{Heap after GC invocations=223 (full 0):
 garbage-first heap   total 270336K, used 134475K [0x0000000600000000, 0x0000000800000000)
  region size 4096K, 1 young (4096K), 1 survivors (4096K)
 Metaspace       used 33398K, committed 33856K, reserved 1114112K
  class space    used 4995K, committed 5248K, reserved 1048576K
}
Event: 167.916 GC heap before
{Heap before GC invocations=223 (full 0):
 garbage-first heap   total 270336K, used 228683K [0x0000000600000000, 0x0000000800000000)
  region size 4096K, 24 young (98304K), 1 survivors (4096K)
 Metaspace       used 33398K, committed 33856K, reserved 1114112K
  class space    used 4995K, committed 5248K, reserved 1048576K
}
Event: 167.918 GC heap after
{Heap after GC invocations=224 (full 0):
 garbage-first heap   total 270336K, used 134503K [0x0000000600000000, 0x0000000800000000)
  region size 4096K, 1 young (4096K), 1 survivors (4096K)
 Metaspace       used 33398K, committed 33856K, reserved 1114112K
  class space    used 4995K, committed 5248K, reserved 1048576K
}
Event: 168.745 GC heap before
{Heap before GC invocations=225 (full 0):
 garbage-first heap   total 270336K, used 228711K [0x0000000600000000, 0x0000000800000000)
  region size 4096K, 24 young (98304K), 1 survivors (4096K)
 Metaspace       used 33399K, committed 33856K, reserved 1114112K
  class space    used 4995K, committed 5248K, reserved 1048576K
}
Event: 168.749 GC heap after
{Heap after GC invocations=226 (full 0):
 garbage-first heap   total 270336K, used 134517K [0x0000000600000000, 0x0000000800000000)
  region size 4096K, 1 young (4096K), 1 survivors (4096K)
 Metaspace       used 33399K, committed 33856K, reserved 1114112K
  class space    used 4995K, committed 5248K, reserved 1048576K
}
Event: 169.487 GC heap before
{Heap before GC invocations=226 (full 0):
 garbage-first heap   total 270336K, used 228725K [0x0000000600000000, 0x0000000800000000)
  region size 4096K, 24 young (98304K), 1 survivors (4096K)
 Metaspace       used 33403K, committed 33856K, reserved 1114112K
  class space    used 4995K, committed 5248K, reserved 1048576K
}
Event: 169.490 GC heap after
{Heap after GC invocations=227 (full 0):
 garbage-first heap   total 270336K, used 134611K [0x0000000600000000, 0x0000000800000000)
  region size 4096K, 1 young (4096K), 1 survivors (4096K)
 Metaspace       used 33403K, committed 33856K, reserved 1114112K
  class space    used 4995K, committed 5248K, reserved 1048576K
}
Event: 170.329 GC heap before
{Heap before GC invocations=228 (full 0):
 garbage-first heap   total 270336K, used 228819K [0x0000000600000000, 0x0000000800000000)
  region size 4096K, 24 young (98304K), 1 survivors (4096K)
 Metaspace       used 33403K, committed 33856K, reserved 1114112K
  class space    used 4995K, committed 5248K, reserved 1048576K
}
Event: 170.334 GC heap after
{Heap after GC invocations=229 (full 0):
 garbage-first heap   total 270336K, used 134605K [0x0000000600000000, 0x0000000800000000)
  region size 4096K, 1 young (4096K), 1 survivors (4096K)
 Metaspace       used 33403K, committed 33856K, reserved 1114112K
  class space    used 4995K, committed 5248K, reserved 1048576K
}
Event: 171.157 GC heap before
{Heap before GC invocations=229 (full 0):
 garbage-first heap   total 270336K, used 228813K [0x0000000600000000, 0x0000000800000000)
  region size 4096K, 24 young (98304K), 1 survivors (4096K)
 Metaspace       used 33403K, committed 33856K, reserved 1114112K
  class space    used 4995K, committed 5248K, reserved 1048576K
}
Event: 171.159 GC heap after
{Heap after GC invocations=230 (full 0):
 garbage-first heap   total 270336K, used 134638K [0x0000000600000000, 0x0000000800000000)
  region size 4096K, 1 young (4096K), 1 survivors (4096K)
 Metaspace       used 33403K, committed 33856K, reserved 1114112K
  class space    used 4995K, committed 5248K, reserved 1048576K
}

